<?xml version="1.0" encoding="UTF-8"?>
<TestRun id="b78f7e8a-37cf-4ab8-b7e9-3403bd6af42b" name="MDana@MDANA-PC 2012-03-31 16:40:23" runUser="MDana-PC\MDana" xmlns="http://microsoft.com/schemas/VisualStudio/TeamTest/2010">
  <TestSettings name="Default Test Settings" id="9f632382-884a-4c47-92c7-7aa0f82c3191">
    <Deployment runDeploymentRoot="MDana_MDANA-PC 2012-03-31 16_40_23">
      <DeploymentItem filename="C:\Users\MDana\Desktop\y3\adv-web\assignment 2\MvcWeb1\MvcWeb1\bin\MvcWeb1.dll" />
    </Deployment>
    <Execution>
      <TestTypeSpecific />
      <AgentRule name="Execution Agents">
      </AgentRule>
    </Execution>
  </TestSettings>
  <Times creation="2012-03-31T16:40:23.5630789+01:00" queuing="2012-03-31T16:40:23.8240938+01:00" start="2012-03-31T16:40:23.8520954+01:00" finish="2012-03-31T16:40:24.1651133+01:00" />
  <ResultSummary outcome="Completed">
    <Counters total="1" executed="1" passed="1" error="0" failed="0" timeout="0" aborted="0" inconclusive="0" passedButRunAborted="0" notRunnable="0" notExecuted="0" disconnected="0" warning="0" completed="0" inProgress="0" pending="0" />
  </ResultSummary>
  <TestDefinitions>
    <UnitTest name="Index" storage="c:\users\mdana\desktop\y3\adv-web\assignment 2\mvcweb1\mvcweb1.tests\bin\debug\mvcweb1.tests.dll" id="510f240a-f530-55da-ca1e-c7f3c0d2b24f">
      <Execution id="a780a5b3-fec0-4fd3-8910-c164efa2aec4" />
      <TestMethod codeBase="C:/Users/MDana/Desktop/y3/adv-web/assignment 2/MvcWeb1/MvcWeb1.Tests/bin/Debug/MvcWeb1.Tests.DLL" adapterTypeName="Microsoft.VisualStudio.TestTools.TestTypes.Unit.UnitTestAdapter, Microsoft.VisualStudio.QualityTools.Tips.UnitTest.Adapter, Version=10.0.0.0, Culture=neutral, PublicKeyToken=b03f5f7f11d50a3a" className="MvcWeb1.Tests.Controllers.HomeControllerTest, MvcWeb1.Tests, Version=1.0.0.0, Culture=neutral, PublicKeyToken=null" name="Index" />
    </UnitTest>
  </TestDefinitions>
  <TestLists>
    <TestList name="Results Not in a List" id="8c84fa94-04c1-424b-9868-57a2d4851a1d" />
    <TestList name="All Loaded Results" id="19431567-8539-422a-85d7-44ee4e166bda" />
  </TestLists>
  <TestEntries>
    <TestEntry testId="510f240a-f530-55da-ca1e-c7f3c0d2b24f" executionId="a780a5b3-fec0-4fd3-8910-c164efa2aec4" testListId="8c84fa94-04c1-424b-9868-57a2d4851a1d" />
  </TestEntries>
  <Results>
    <UnitTestResult executionId="a780a5b3-fec0-4fd3-8910-c164efa2aec4" testId="510f240a-f530-55da-ca1e-c7f3c0d2b24f" testName="Index" computerName="MDANA-PC" duration="00:00:00.0605553" startTime="2012-03-31T16:40:23.8620960+01:00" endTime="2012-03-31T16:40:24.1371117+01:00" testType="13cdc9d9-ddb5-4fa4-a97d-d965ccfc6d4b" outcome="Passed" testListId="8c84fa94-04c1-424b-9868-57a2d4851a1d" relativeResultsDirectory="a780a5b3-fec0-4fd3-8910-c164efa2aec4">
    </UnitTestResult>
  </Results>
</TestRun>