<?xml version="1.0" encoding="UTF-8"?>
<TestRun id="5bc5560e-6883-4b94-a316-c06ac1a276da" name="MDana@MDANA-PC 2012-03-31 16:40:10" runUser="MDana-PC\MDana" xmlns="http://microsoft.com/schemas/VisualStudio/TeamTest/2010">
  <TestSettings name="Default Test Settings" id="0b7f0a0d-bd94-44b5-9d8e-f1741a28f57e">
    <Deployment runDeploymentRoot="MDana_MDANA-PC 2012-03-31 16_40_10">
      <DeploymentItem filename="C:\Users\MDana\Desktop\y3\adv-web\assignment 2\MvcWeb1\MvcWeb1\bin\MvcWeb1.dll" />
    </Deployment>
    <Execution>
      <TestTypeSpecific />
      <AgentRule name="Execution Agents">
      </AgentRule>
    </Execution>
  </TestSettings>
  <Times creation="2012-03-31T16:40:10.1103128+01:00" queuing="2012-03-31T16:40:10.2493207+01:00" start="2012-03-31T16:40:10.2583212+01:00" finish="2012-03-31T16:40:10.7203477+01:00" />
  <ResultSummary outcome="Failed">
    <Counters total="1" executed="1" error="0" failed="1" timeout="0" aborted="0" inconclusive="0" passedButRunAborted="0" notRunnable="0" notExecuted="0" disconnected="0" warning="0" passed="0" completed="0" inProgress="0" pending="0" />
  </ResultSummary>
  <TestDefinitions>
    <UnitTest name="Index" storage="c:\users\mdana\desktop\y3\adv-web\assignment 2\mvcweb1\mvcweb1.tests\bin\debug\mvcweb1.tests.dll" id="510f240a-f530-55da-ca1e-c7f3c0d2b24f">
      <Execution id="aa94eb54-38c9-4a3d-b043-f4aa45231152" />
      <TestMethod codeBase="C:/Users/MDana/Desktop/y3/adv-web/assignment 2/MvcWeb1/MvcWeb1.Tests/bin/Debug/MvcWeb1.Tests.DLL" adapterTypeName="Microsoft.VisualStudio.TestTools.TestTypes.Unit.UnitTestAdapter, Microsoft.VisualStudio.QualityTools.Tips.UnitTest.Adapter, Version=10.0.0.0, Culture=neutral, PublicKeyToken=b03f5f7f11d50a3a" className="MvcWeb1.Tests.Controllers.HomeControllerTest, MvcWeb1.Tests, Version=1.0.0.0, Culture=neutral, PublicKeyToken=null" name="Index" />
    </UnitTest>
  </TestDefinitions>
  <TestLists>
    <TestList name="Results Not in a List" id="8c84fa94-04c1-424b-9868-57a2d4851a1d" />
    <TestList name="All Loaded Results" id="19431567-8539-422a-85d7-44ee4e166bda" />
  </TestLists>
  <TestEntries>
    <TestEntry testId="510f240a-f530-55da-ca1e-c7f3c0d2b24f" executionId="aa94eb54-38c9-4a3d-b043-f4aa45231152" testListId="8c84fa94-04c1-424b-9868-57a2d4851a1d" />
  </TestEntries>
  <Results>
    <UnitTestResult executionId="aa94eb54-38c9-4a3d-b043-f4aa45231152" testId="510f240a-f530-55da-ca1e-c7f3c0d2b24f" testName="Index" computerName="MDANA-PC" duration="00:00:00.1944980" startTime="2012-03-31T16:40:10.2713220+01:00" endTime="2012-03-31T16:40:10.6893459+01:00" testType="13cdc9d9-ddb5-4fa4-a97d-d965ccfc6d4b" outcome="Failed" testListId="8c84fa94-04c1-424b-9868-57a2d4851a1d" relativeResultsDirectory="aa94eb54-38c9-4a3d-b043-f4aa45231152">
      <Output>
        <ErrorInfo>
          <Message>Assert.AreEqual failed. Expected:&lt;WWelcome to ASP.NET MVC!&gt;. Actual:&lt;Welcome to ASP.NET MVC!&gt;. </Message>
          <StackTrace>   at CallSite.Target(Closure , CallSite , Type , String , Object )
   at System.Dynamic.UpdateDelegates.UpdateAndExecuteVoid3[T0,T1,T2](CallSite site, T0 arg0, T1 arg1, T2 arg2)
   at MvcWeb1.Tests.Controllers.HomeControllerTest.Index() in C:\Users\MDana\Desktop\y3\adv-web\assignment 2\MvcWeb1\MvcWeb1.Tests\Controllers\HomeControllerTest.cs:line 25
</StackTrace>
        </ErrorInfo>
      </Output>
    </UnitTestResult>
  </Results>
</TestRun>